{"E:\\PerfAI\\REST API Evaluator\\server\\app.js": {"path":"E:\\PerfAI\\REST API Evaluator\\server\\app.js","statementMap":{"0":{"start":{"line":2,"column":16},"end":{"line":2,"column":34}},"1":{"start":{"line":3,"column":13},"end":{"line":3,"column":28}},"2":{"start":{"line":4,"column":15},"end":{"line":4,"column":32}},"3":{"start":{"line":6,"column":0},"end":{"line":6,"column":16}},"4":{"start":{"line":8,"column":12},"end":{"line":8,"column":21}},"5":{"start":{"line":9,"column":0},"end":{"line":9,"column":16}},"6":{"start":{"line":10,"column":0},"end":{"line":10,"column":24}},"7":{"start":{"line":13,"column":18},"end":{"line":13,"column":47}},"8":{"start":{"line":14,"column":0},"end":{"line":14,"column":31}},"9":{"start":{"line":16,"column":0},"end":{"line":16,"column":21}}},"fnMap":{},"branchMap":{},"s":{"0":1,"1":1,"2":1,"3":1,"4":1,"5":1,"6":1,"7":1,"8":1,"9":1},"f":{},"b":{},"_coverageSchema":"1a1c01bbd47fc00a2c39e90264f33305004495a9","hash":"15570a878b73d14feda025438c82379dc30aef0a"}
,"E:\\PerfAI\\REST API Evaluator\\server\\controllers\\oasController.js": {"path":"E:\\PerfAI\\REST API Evaluator\\server\\controllers\\oasController.js","statementMap":{"0":{"start":{"line":1,"column":14},"end":{"line":1,"column":30}},"1":{"start":{"line":2,"column":12},"end":{"line":2,"column":41}},"2":{"start":{"line":3,"column":30},"end":{"line":3,"column":68}},"3":{"start":{"line":6,"column":2},"end":{"line":93,"column":3}},"4":{"start":{"line":7,"column":23},"end":{"line":7,"column":31}},"5":{"start":{"line":8,"column":4},"end":{"line":10,"column":5}},"6":{"start":{"line":9,"column":6},"end":{"line":9,"column":69}},"7":{"start":{"line":12,"column":4},"end":{"line":12,"column":46}},"8":{"start":{"line":14,"column":4},"end":{"line":24,"column":5}},"9":{"start":{"line":15,"column":6},"end":{"line":15,"column":44}},"10":{"start":{"line":16,"column":6},"end":{"line":16,"column":62}},"11":{"start":{"line":17,"column":6},"end":{"line":17,"column":64}},"12":{"start":{"line":19,"column":6},"end":{"line":19,"column":58}},"13":{"start":{"line":20,"column":6},"end":{"line":20,"column":61}},"14":{"start":{"line":21,"column":6},"end":{"line":21,"column":61}},"15":{"start":{"line":22,"column":6},"end":{"line":22,"column":63}},"16":{"start":{"line":23,"column":6},"end":{"line":23,"column":18}},"17":{"start":{"line":26,"column":16},"end":{"line":26,"column":32}},"18":{"start":{"line":27,"column":4},"end":{"line":27,"column":45}},"19":{"start":{"line":29,"column":22},"end":{"line":29,"column":24}},"20":{"start":{"line":30,"column":4},"end":{"line":35,"column":5}},"21":{"start":{"line":31,"column":22},"end":{"line":31,"column":37}},"22":{"start":{"line":32,"column":6},"end":{"line":34,"column":7}},"23":{"start":{"line":33,"column":8},"end":{"line":33,"column":63}},"24":{"start":{"line":36,"column":4},"end":{"line":36,"column":54}},"25":{"start":{"line":38,"column":20},"end":{"line":38,"column":22}},"26":{"start":{"line":39,"column":4},"end":{"line":75,"column":5}},"27":{"start":{"line":40,"column":22},"end":{"line":40,"column":58}},"28":{"start":{"line":41,"column":6},"end":{"line":41,"column":59}},"29":{"start":{"line":42,"column":22},"end":{"line":42,"column":83}},"30":{"start":{"line":44,"column":6},"end":{"line":74,"column":7}},"31":{"start":{"line":45,"column":25},"end":{"line":49,"column":10}},"32":{"start":{"line":52,"column":20},"end":{"line":63,"column":9}},"33":{"start":{"line":65,"column":8},"end":{"line":65,"column":48}},"34":{"start":{"line":67,"column":8},"end":{"line":67,"column":71}},"35":{"start":{"line":68,"column":8},"end":{"line":73,"column":11}},"36":{"start":{"line":77,"column":20},"end":{"line":81,"column":5}},"37":{"start":{"line":79,"column":35},"end":{"line":79,"column":44}},"38":{"start":{"line":80,"column":34},"end":{"line":80,"column":44}},"39":{"start":{"line":83,"column":4},"end":{"line":83,"column":42}},"40":{"start":{"line":84,"column":4},"end":{"line":84,"column":47}},"41":{"start":{"line":86,"column":4},"end":{"line":86,"column":58}},"42":{"start":{"line":87,"column":4},"end":{"line":87,"column":47}},"43":{"start":{"line":88,"column":4},"end":{"line":92,"column":7}},"44":{"start":{"line":96,"column":0},"end":{"line":96,"column":29}}},"fnMap":{"0":{"name":"testOAS","decl":{"start":{"line":5,"column":15},"end":{"line":5,"column":22}},"loc":{"start":{"line":5,"column":33},"end":{"line":94,"column":1}},"line":5},"1":{"name":"(anonymous_1)","decl":{"start":{"line":79,"column":30},"end":{"line":79,"column":31}},"loc":{"start":{"line":79,"column":35},"end":{"line":79,"column":44}},"line":79},"2":{"name":"(anonymous_2)","decl":{"start":{"line":80,"column":29},"end":{"line":80,"column":30}},"loc":{"start":{"line":80,"column":34},"end":{"line":80,"column":44}},"line":80}},"branchMap":{"0":{"loc":{"start":{"line":8,"column":4},"end":{"line":10,"column":5}},"type":"if","locations":[{"start":{"line":8,"column":4},"end":{"line":10,"column":5}},{"start":{},"end":{}}],"line":8},"1":{"loc":{"start":{"line":42,"column":22},"end":{"line":42,"column":83}},"type":"cond-expr","locations":[{"start":{"line":42,"column":45},"end":{"line":42,"column":71}},{"start":{"line":42,"column":74},"end":{"line":42,"column":83}}],"line":42},"2":{"loc":{"start":{"line":58,"column":18},"end":{"line":58,"column":33}},"type":"binary-expr","locations":[{"start":{"line":58,"column":18},"end":{"line":58,"column":25}},{"start":{"line":58,"column":29},"end":{"line":58,"column":33}}],"line":58}},"s":{"0":1,"1":1,"2":1,"3":2,"4":2,"5":2,"6":1,"7":1,"8":1,"9":1,"10":1,"11":1,"12":0,"13":0,"14":0,"15":0,"16":0,"17":1,"18":1,"19":1,"20":1,"21":13,"22":13,"23":19,"24":1,"25":1,"26":1,"27":19,"28":19,"29":19,"30":19,"31":19,"32":0,"33":0,"34":19,"35":19,"36":1,"37":19,"38":19,"39":1,"40":1,"41":0,"42":0,"43":0,"44":1},"f":{"0":2,"1":19,"2":19},"b":{"0":[1,1],"1":[6,13],"2":[0,0]},"_coverageSchema":"1a1c01bbd47fc00a2c39e90264f33305004495a9","hash":"6856ee677a9e5f252914ca518c302c45db42a60c"}
,"E:\\PerfAI\\REST API Evaluator\\server\\models\\logModel.js": {"path":"E:\\PerfAI\\REST API Evaluator\\server\\models\\logModel.js","statementMap":{"0":{"start":{"line":1,"column":17},"end":{"line":1,"column":36}},"1":{"start":{"line":3,"column":18},"end":{"line":9,"column":2}},"2":{"start":{"line":11,"column":0},"end":{"line":11,"column":50}}},"fnMap":{},"branchMap":{},"s":{"0":1,"1":1,"2":1},"f":{},"b":{},"_coverageSchema":"1a1c01bbd47fc00a2c39e90264f33305004495a9","hash":"2e06ffa26054b4ef72bbf11421f24ea52545daac"}
,"E:\\PerfAI\\REST API Evaluator\\server\\routes\\oasRoutes.js": {"path":"E:\\PerfAI\\REST API Evaluator\\server\\routes\\oasRoutes.js","statementMap":{"0":{"start":{"line":1,"column":16},"end":{"line":1,"column":34}},"1":{"start":{"line":2,"column":15},"end":{"line":2,"column":31}},"2":{"start":{"line":3,"column":20},"end":{"line":3,"column":59}},"3":{"start":{"line":5,"column":0},"end":{"line":5,"column":30}},"4":{"start":{"line":7,"column":0},"end":{"line":7,"column":24}}},"fnMap":{},"branchMap":{},"s":{"0":1,"1":1,"2":1,"3":1,"4":1},"f":{},"b":{},"_coverageSchema":"1a1c01bbd47fc00a2c39e90264f33305004495a9","hash":"f3c8b403236ccfef5ee5c175b5e85cadede6845a"}
,"E:\\PerfAI\\REST API Evaluator\\server\\utils\\dummyDataGenerator.js": {"path":"E:\\PerfAI\\REST API Evaluator\\server\\utils\\dummyDataGenerator.js","statementMap":{"0":{"start":{"line":4,"column":20},"end":{"line":4,"column":22}},"1":{"start":{"line":7,"column":2},"end":{"line":17,"column":3}},"2":{"start":{"line":8,"column":4},"end":{"line":8,"column":33}},"3":{"start":{"line":9,"column":4},"end":{"line":9,"column":41}},"4":{"start":{"line":10,"column":4},"end":{"line":10,"column":39}},"5":{"start":{"line":11,"column":9},"end":{"line":17,"column":3}},"6":{"start":{"line":12,"column":4},"end":{"line":12,"column":38}},"7":{"start":{"line":13,"column":4},"end":{"line":13,"column":28}},"8":{"start":{"line":14,"column":4},"end":{"line":14,"column":25}},"9":{"start":{"line":16,"column":4},"end":{"line":16,"column":57}},"10":{"start":{"line":19,"column":2},"end":{"line":19,"column":19}},"11":{"start":{"line":22,"column":0},"end":{"line":22,"column":39}}},"fnMap":{"0":{"name":"generateDummyData","decl":{"start":{"line":3,"column":9},"end":{"line":3,"column":26}},"loc":{"start":{"line":3,"column":41},"end":{"line":20,"column":1}},"line":3}},"branchMap":{"0":{"loc":{"start":{"line":7,"column":2},"end":{"line":17,"column":3}},"type":"if","locations":[{"start":{"line":7,"column":2},"end":{"line":17,"column":3}},{"start":{"line":11,"column":9},"end":{"line":17,"column":3}}],"line":7},"1":{"loc":{"start":{"line":11,"column":9},"end":{"line":17,"column":3}},"type":"if","locations":[{"start":{"line":11,"column":9},"end":{"line":17,"column":3}},{"start":{"line":15,"column":9},"end":{"line":17,"column":3}}],"line":11}},"s":{"0":6,"1":6,"2":2,"3":2,"4":2,"5":4,"6":0,"7":0,"8":0,"9":4,"10":6,"11":1},"f":{"0":6},"b":{"0":[2,4],"1":[0,4]},"_coverageSchema":"1a1c01bbd47fc00a2c39e90264f33305004495a9","hash":"17c3ffc8b0b5a3aedfd569cb846ebe1f2799ba59"}
}
