TN:
SF:app.js
FNF:0
FNH:0
DA:2,1
DA:3,1
DA:4,1
DA:6,1
DA:8,1
DA:9,1
DA:10,1
DA:13,1
DA:14,1
DA:16,1
LF:10
LH:10
BRF:0
BRH:0
end_of_record
TN:
SF:controllers\oasController.js
FN:5,testOAS
FN:79,(anonymous_1)
FN:80,(anonymous_2)
FNF:3
FNH:3
FNDA:2,testOAS
FNDA:19,(anonymous_1)
FNDA:19,(anonymous_2)
DA:1,1
DA:2,1
DA:3,1
DA:6,2
DA:7,2
DA:8,2
DA:9,1
DA:12,1
DA:14,1
DA:15,1
DA:16,1
DA:17,1
DA:19,0
DA:20,0
DA:21,0
DA:22,0
DA:23,0
DA:26,1
DA:27,1
DA:29,1
DA:30,1
DA:31,13
DA:32,13
DA:33,19
DA:36,1
DA:38,1
DA:39,1
DA:40,19
DA:41,19
DA:42,19
DA:44,19
DA:45,19
DA:52,0
DA:65,0
DA:67,19
DA:68,19
DA:77,1
DA:79,19
DA:80,19
DA:83,1
DA:84,1
DA:86,0
DA:87,0
DA:88,0
DA:96,1
LF:45
LH:35
BRDA:8,0,0,1
BRDA:8,0,1,1
BRDA:42,1,0,6
BRDA:42,1,1,13
BRDA:58,2,0,0
BRDA:58,2,1,0
BRF:6
BRH:4
end_of_record
TN:
SF:models\logModel.js
FNF:0
FNH:0
DA:1,1
DA:3,1
DA:11,1
LF:3
LH:3
BRF:0
BRH:0
end_of_record
TN:
SF:routes\oasRoutes.js
FNF:0
FNH:0
DA:1,1
DA:2,1
DA:3,1
DA:5,1
DA:7,1
LF:5
LH:5
BRF:0
BRH:0
end_of_record
TN:
SF:utils\dummyDataGenerator.js
FN:3,generateDummyData
FNF:1
FNH:1
FNDA:6,generateDummyData
DA:4,6
DA:7,6
DA:8,2
DA:9,2
DA:10,2
DA:11,4
DA:12,0
DA:13,0
DA:14,0
DA:16,4
DA:19,6
DA:22,1
LF:12
LH:9
BRDA:7,0,0,2
BRDA:7,0,1,4
BRDA:11,1,0,0
BRDA:11,1,1,4
BRF:4
BRH:3
end_of_record
